<?xml version="1.0" encoding="UTF-8"?>
<testsuites name="TS_CFS_SmokeTest" time="58" tests="2" failures="0" errors="0">
   <testsuite name="TS_CFS_SmokeTest" tests="2" failures="0" errors="0" time="58" timestamp="2019-04-02 11:12:42" hostname="miragelu - JDBCDC084.seekasia.global" id="Test Suites/Preview/TS_CFS_SmokeTest">
      <properties>
         <property name="deviceName" value=""/>
         <property name="devicePlatform" value=""/>
         <property name="logFolder" value="D:\\seekasia\\github\\test-automation-jobsdb\\project\\Reports\\Preview\\TS_CFS_SmokeTest\\20190402_111239"/>
         <property name="logFiles" value="D:\\seekasia\\github\\test-automation-jobsdb\\project\\Reports\\Preview\\TS_CFS_SmokeTest\\20190402_111239\\execution0.log"/>
         <property name="attachments" value="D:\\seekasia\\github\\test-automation-jobsdb\\project\\Reports\\Preview\\TS_CFS_SmokeTest\\20190402_111239\\1554174777195.png"/>
         <property name="hostName" value="miragelu - JDBCDC084.seekasia.global"/>
         <property name="os" value="Windows 7 64bit"/>
         <property name="katalonVersion" value="6.0.5.4"/>
         <property name="browser" value="Chrome 72.0.3626.121"/>
         <property name="hostAddress" value="192.168.56.1"/>
         <property name="sessionId" value="5cbbbc0c353c9a6ea86b412771703e6b"/>
         <property name="seleniumVersion" value="3.7.1"/>
         <property name="proxyInformation" value="ProxyInformation{proxyOption=NO_PROXY, proxyServerType=HTTP, password=, proxyServerAddress=, proxyServerPort=0}"/>
         <property name="platform" value="Windows 7"/>
      </properties>
      <testcase name="Test Cases/RC/Login/TC_Login" classname="Test Cases/RC/Login/TC_Login" status="PASSED">
         <system-out><![CDATA[2019-04-02 11:12:47 - [TEST_CASE][PASSED] - Test Cases/RC/Login/TC_Login: Test Cases/RC/Login/TC_Login

2019-04-02 11:12:47 - [TEST_STEP][PASSED] - Start listener action : browserBeforeTestCase: null

2019-04-02 11:12:47 - [TEST_STEP][PASSED] - setOneTimeBrowserConfig(): null

2019-04-02 11:12:47 - [TEST_STEP][PASSED] - if (hasSetBrowserConfig): null

2019-04-02 11:12:47 - [TEST_STEP][PASSED] - return null: null

2019-04-02 11:12:47 - [TEST_STEP][PASSED] - common = new com.jobsdb.common.CommonKeywords(): null

2019-04-02 11:12:47 - [TEST_STEP][PASSED] - login = new com.jobsdb.rc.login.Login(): null

2019-04-02 11:12:47 - [TEST_STEP][PASSED] - header = new com.jobsdb.rc.Header(): null

2019-04-02 11:12:47 - [TEST_STEP][PASSED] - omniture = new com.jobsdb.common.Omniture(): null

2019-04-02 11:12:47 - [TEST_STEP][PASSED] - loginTestData = new com.jobsdb.rc.login.LoginData(): null

2019-04-02 11:12:47 - [TEST_STEP][PASSED] - RC_Url = common.GetTestEnv($GlobalVariable.G_env, "RC", $GlobalVariable.G_countryCode_RC): null

2019-04-02 11:12:47 - [TEST_STEP][PASSED] - loginData = loginTestData.GetLoginData(accountType): null

2019-04-02 11:12:47 - [TEST_STEP][PASSED] - navigateToUrl(RC_Url): Navigate to 'https://v8.preview.rms.jobsdb.com/hk' successfully

2019-04-02 11:12:50 - [MESSAGE][PASSED] - Navigate to 'https://v8.preview.rms.jobsdb.com/hk' successfully

2019-04-02 11:12:50 - [TEST_STEP][PASSED] - omniture.AssertOmnitureEnabled(): Execute JavaScript 'var hasError = false; try { s.pageName == '' } catch(e) { hasError = true } return hasError' successfully

2019-04-02 11:12:50 - [MESSAGE][PASSED] - Execute JavaScript 'var hasError = false; try { s.pageName == '' } catch(e) { hasError = true } return hasError' successfully

2019-04-02 11:12:50 - [TEST_STEP][PASSED] - if (!(login.IsLoggedIn())): Object 'Object Repository/RC/Header/Profile/HeaderEmpName' is visible

2019-04-02 11:12:54 - [MESSAGE][INFO] - Unable to find the element located by 'By.xpath: //*[@id = 'label_welcomeEmp']'. Please recheck the objects properties to make sure the desired element is located. 

2019-04-02 11:12:54 - [MESSAGE][WARNING] - Object 'Object Repository/RC/Header/Profile/HeaderEmpName' is not present after 3 second(s)

2019-04-02 11:12:54 - [TEST_STEP][PASSED] - login.AssertRCLoginPage(): Object 'Object Repository/RC/Login/LoginPage/LoginButton' is visible

2019-04-02 11:12:54 - [MESSAGE][PASSED] - Object 'Object Repository/RC/Login/LoginPage/LoginButton' is visible

2019-04-02 11:12:54 - [TEST_STEP][PASSED] - login.LoginRC(loginData): Object: 'Object Repository/RC/Login/LoginPage/LoginButton' is clicked on

2019-04-02 11:12:54 - [MESSAGE][PASSED] - Text 'tester+HK@seekasia.com' is set on object 'Object Repository/RC/Login/LoginPage/UsernameField'

2019-04-02 11:12:54 - [MESSAGE][PASSED] - Text 'Tester1234' is set on object 'Object Repository/RC/Login/LoginPage/PasswordField'

2019-04-02 11:12:54 - [MESSAGE][PASSED] - Object: 'Object Repository/RC/Login/LoginPage/LoginButton' is clicked on

2019-04-02 11:12:54 - [TEST_STEP][PASSED] - common.TakeActionWithRetry({ -> ... }, null, 3): Object 'Object Repository/RC/Header/Profile/HeaderEmpName' is visible

2019-04-02 11:12:57 - [MESSAGE][PASSED] - Object 'Object Repository/RC/Header/Profile/HeaderEmpName' is visible

2019-04-02 11:12:57 - [TEST_STEP][PASSED] - if (!(header.IsNavHeaderVisible())): Object 'Object Repository/RC/Header/Profile/HeaderEmpName' is visible

2019-04-02 11:12:57 - [MESSAGE][WARNING] - Object 'Object Repository/RC/Header/NavHeader/NavHeader' is NOT visible
[[ATTACHMENT|D:\\seekasia\\github\\test-automation-jobsdb\\project\\Reports\\Preview\\TS_CFS_SmokeTest\\20190402_111239\\1554174777195.png]]

2019-04-02 11:12:57 - [TEST_STEP][PASSED] - login.SelectAccount(loginData): Object 'Object Repository/RC/Header/NavHeader/NavHeader' is visible

2019-04-02 11:13:09 - [MESSAGE][PASSED] - Object: 'Object Repository/RC/Login/SelectAccountPage/SelectAccount' is clicked on

2019-04-02 11:13:09 - [MESSAGE][PASSED] - Object 'Object Repository/RC/Header/NavHeader/NavHeader' is visible

2019-04-02 11:13:09 - [TEST_STEP][PASSED] - header.AssertHeaderEmpNameVisible(): Object 'Object Repository/RC/Header/Profile/HeaderEmpName' is visible

2019-04-02 11:13:09 - [MESSAGE][PASSED] - Object 'Object Repository/RC/Header/Profile/HeaderEmpName' is visible

2019-04-02 11:13:09 - [TEST_STEP][PASSED] - Start listener action : browserAfterTestCase: null

2019-04-02 11:13:09 - [TEST_STEP][PASSED] - if (isRunningSingleTestCase): null]]></system-out>
         <system-err><![CDATA[]]></system-err>
      </testcase>
      <testcase name="Test Cases/RC/Billing/TC_Purchase_NormalFlow" classname="Test Cases/RC/Billing/TC_Purchase_NormalFlow" status="PASSED">
         <system-out><![CDATA[2019-04-02 11:13:09 - [TEST_CASE][PASSED] - Test Cases/RC/Billing/TC_Purchase_NormalFlow: Test Cases/RC/Billing/TC_Purchase_NormalFlow

2019-04-02 11:13:09 - [TEST_STEP][PASSED] - Start listener action : browserBeforeTestCase: null

2019-04-02 11:13:09 - [TEST_STEP][PASSED] - setOneTimeBrowserConfig(): null

2019-04-02 11:13:09 - [TEST_STEP][PASSED] - if (hasSetBrowserConfig): null

2019-04-02 11:13:09 - [TEST_STEP][PASSED] - return null: null

2019-04-02 11:13:09 - [TEST_STEP][PASSED] - packageSelect = new com.jobsdb.rc.billing.PackageSelect(): null

2019-04-02 11:13:09 - [TEST_STEP][PASSED] - packageCheckout = new com.jobsdb.rc.billing.PackageCheckout(): null

2019-04-02 11:13:09 - [TEST_STEP][PASSED] - header = new com.jobsdb.rc.Header(): null

2019-04-02 11:13:09 - [TEST_STEP][PASSED] - callTestCase(findTestCase("RC/Login/TC_Login"), [:], STOP_ON_FAILURE): Call Test Case 'Test Cases/RC/Login/TC_Login' successfully

2019-04-02 11:13:09 - [TEST_CASE][PASSED] - Test Cases/RC/Login/TC_Login: Test Cases/RC/Login/TC_Login

2019-04-02 11:13:09 - [TEST_STEP][PASSED] - common = new com.jobsdb.common.CommonKeywords(): null

2019-04-02 11:13:09 - [TEST_STEP][PASSED] - login = new com.jobsdb.rc.login.Login(): null

2019-04-02 11:13:09 - [TEST_STEP][PASSED] - header = new com.jobsdb.rc.Header(): null

2019-04-02 11:13:09 - [TEST_STEP][PASSED] - omniture = new com.jobsdb.common.Omniture(): null

2019-04-02 11:13:09 - [TEST_STEP][PASSED] - loginTestData = new com.jobsdb.rc.login.LoginData(): null

2019-04-02 11:13:09 - [TEST_STEP][PASSED] - RC_Url = common.GetTestEnv($GlobalVariable.G_env, "RC", $GlobalVariable.G_countryCode_RC): null

2019-04-02 11:13:09 - [TEST_STEP][PASSED] - loginData = loginTestData.GetLoginData(accountType): null

2019-04-02 11:13:09 - [TEST_STEP][PASSED] - navigateToUrl(RC_Url): Navigate to 'https://v8.preview.rms.jobsdb.com/hk' successfully

2019-04-02 11:13:18 - [MESSAGE][PASSED] - Navigate to 'https://v8.preview.rms.jobsdb.com/hk' successfully

2019-04-02 11:13:18 - [TEST_STEP][PASSED] - omniture.AssertOmnitureEnabled(): Execute JavaScript 'var hasError = false; try { s.pageName == '' } catch(e) { hasError = true } return hasError' successfully

2019-04-02 11:13:18 - [MESSAGE][PASSED] - Execute JavaScript 'var hasError = false; try { s.pageName == '' } catch(e) { hasError = true } return hasError' successfully

2019-04-02 11:13:18 - [TEST_STEP][PASSED] - if (!(login.IsLoggedIn())): Object 'Object Repository/RC/Header/Profile/HeaderEmpName' is present

2019-04-02 11:13:19 - [MESSAGE][PASSED] - Object 'Object Repository/RC/Header/Profile/HeaderEmpName' is present

2019-04-02 11:13:19 - [MESSAGE][PASSED] - Call Test Case 'Test Cases/RC/Login/TC_Login' successfully

2019-04-02 11:13:19 - [TEST_STEP][PASSED] - header.GoToRCHomepage(): Object 'Object Repository/RC/Header/NavHeader/HomeTab_Selected' is clickable

2019-04-02 11:13:19 - [MESSAGE][PASSED] - Object 'Object Repository/RC/Header/HeaderJobsDBLogo' is clickable

2019-04-02 11:13:26 - [MESSAGE][PASSED] - Object: 'Object Repository/RC/Header/HeaderJobsDBLogo' is clicked on

2019-04-02 11:13:27 - [MESSAGE][PASSED] - Object 'Object Repository/RC/Header/NavHeader/HomeTab_Selected' is clickable

2019-04-02 11:13:27 - [TEST_STEP][PASSED] - if (header.IsPurchaseEnabled()): null

2019-04-02 11:13:27 - [MESSAGE][PASSED] - Object 'Object Repository/RC/Header/NavHeader/PurchaseTab' is present

2019-04-02 11:13:27 - [TEST_STEP][PASSED] - header.GoToPurchase(): Delayed 2 second(s)

2019-04-02 11:13:31 - [MESSAGE][PASSED] - Object: 'Object Repository/RC/Header/NavHeader/PurchaseTab' is clicked on

2019-04-02 11:13:33 - [MESSAGE][PASSED] - Delayed 2 second(s)

2019-04-02 11:13:33 - [TEST_STEP][PASSED] - if (packageSelect.IsPackageExist()): Object 'Object Repository/RC/Billing/PackageCheckout/BtnPayOnline' is present

2019-04-02 11:13:33 - [MESSAGE][PASSED] - Object 'Object Repository/RC/Billing/PackageSelect/BuyNowButton' is present

2019-04-02 11:13:33 - [TEST_STEP][PASSED] - packageSelect.GoToPackageCheckout(): Delayed 5 second(s)

2019-04-02 11:13:34 - [MESSAGE][PASSED] - Object: 'Object Repository/RC/Billing/PackageSelect/BuyNowButton' is clicked on

2019-04-02 11:13:39 - [MESSAGE][PASSED] - Delayed 5 second(s)

2019-04-02 11:13:39 - [TEST_STEP][PASSED] - packageCheckout.AssertPackageCheckoutPage(): Object 'Object Repository/RC/Billing/PackageCheckout/BtnPayOnline' is present

2019-04-02 11:13:39 - [MESSAGE][PASSED] - Object 'Object Repository/RC/Billing/PackageCheckout/BtnPayOnline' is present

2019-04-02 11:13:39 - [TEST_STEP][PASSED] - Start listener action : browserAfterTestCase: null

2019-04-02 11:13:39 - [TEST_STEP][PASSED] - if (isRunningSingleTestCase): null]]></system-out>
         <system-err><![CDATA[]]></system-err>
      </testcase>
      <system-out><![CDATA[2019-04-02 11:12:42 - [TEST_SUITE][PASSED] - TS_CFS_SmokeTest: Test Cases/RC/Billing/TC_Purchase_NormalFlow]]></system-out>
      <system-err><![CDATA[]]></system-err>
   </testsuite>
</testsuites>
